<?xml version="1.0" encoding="UTF-8"?>
<!-- Generated by org.testng.reporters.JUnitReportReporter -->
<testsuite skipped="0" hostname="aj-305E4A-305E5A-305E7A" name="Login.Addstaff1" tests="1" failures="0" timestamp="14 Jun 2017 12:08:37 GMT" time="45.580" errors="0">
  <testcase name="login" time="45.580" classname="Login.Addstaff1"/>
</testsuite> <!-- Login.Addstaff1 -->
