<?xml version="1.0" encoding="UTF-8"?>
<!-- Generated by org.testng.reporters.JUnitReportReporter -->
<testsuite skipped="0" hostname="aj-305E4A-305E5A-305E7A" name="Login.Adminequaltodoctor" tests="1" failures="0" timestamp="14 Jun 2017 12:05:59 GMT" time="31.128" errors="0">
  <testcase name="login" time="31.128" classname="Login.Adminequaltodoctor"/>
</testsuite> <!-- Login.Adminequaltodoctor -->
