<?xml version="1.0" encoding="UTF-8"?>
<!-- Generated by org.testng.reporters.JUnitReportReporter -->
<testsuite skipped="0" hostname="aj-305E4A-305E5A-305E7A" name="name.Loginrun" tests="1" failures="0" timestamp="03 Jun 2017 09:48:33 GMT" time="39.348" errors="0">
  <testcase name="login" time="39.348" classname="name.Loginrun"/>
</testsuite> <!-- name.Loginrun -->
