<?xml version="1.0" encoding="UTF-8"?>
<!-- Generated by org.testng.reporters.JUnitReportReporter -->
<testsuite skipped="0" hostname="aj-305E4A-305E5A-305E7A" name="Login.validuser" tests="1" failures="0" timestamp="08 Jun 2017 16:25:44 GMT" time="34.168" errors="0">
  <testcase name="login" time="34.168" classname="Login.validuser"/>
</testsuite> <!-- Login.validuser -->
