<?xml version="1.0" encoding="UTF-8"?>
<!-- Generated by org.testng.reporters.JUnitReportReporter -->
<testsuite skipped="1" hostname="aj-305E4A-305E5A-305E7A" name="name.dataprovider_excel" tests="1" failures="0" timestamp="04 Jun 2017 08:47:21 GMT" time="0.000" errors="0">
  <testcase name="logincredentials" time="0.000" classname="name.dataprovider_excel">
    <skipped/>
  </testcase> <!-- logincredentials -->
</testsuite> <!-- name.dataprovider_excel -->
