<?xml version="1.0" encoding="UTF-8"?>
<!-- Generated by org.testng.reporters.JUnitReportReporter -->
<testsuite skipped="0" hostname="aj-305E4A-305E5A-305E7A" name="Login.Smoke" tests="1" failures="0" timestamp="08 Jun 2017 17:08:59 GMT" time="39.963" errors="0">
  <testcase name="login" time="39.963" classname="Login.Smoke"/>
</testsuite> <!-- Login.Smoke -->
