<?xml version="1.0" encoding="UTF-8"?>
<!-- Generated by org.testng.reporters.JUnitReportReporter -->
<testsuite skipped="0" hostname="aj-305E4A-305E5A-305E7A" name="Login.Myclinic" tests="1" failures="0" timestamp="03 Jun 2017 14:02:51 GMT" time="24.416" errors="0">
  <testcase name="login" time="24.416" classname="Login.Myclinic"/>
</testsuite> <!-- Login.Myclinic -->
